     0>D:\_\Development\ProjectFiles\MVS 9.0 [2008]\_Debug.props(4,5): warning MSB4011: "D:\_\Development\ProjectFiles\MVS 9.0 [2008]\_Common.props" cannot be imported again. It was already imported at "D:\_\Development\Tools\VPP_Viewer\VPP_Viewer.vcxproj (39,5)". This is most likely a build authoring error. This subsequent import will be ignored. 
     0>D:\_\Development\ProjectFiles\MVS 9.0 [2008]\_Executable.props(4,5): warning MSB4011: "D:\_\Development\ProjectFiles\MVS 9.0 [2008]\_Common.props" cannot be imported again. It was already imported at "D:\_\Development\Tools\VPP_Viewer\VPP_Viewer.vcxproj (39,5)". This is most likely a build authoring error. This subsequent import will be ignored. 
Build started 2/20/2012 7:06:30 PM.
     1>Project "D:\_\Development\Tools\PackageBuilder\PackageBuilder.vcxproj" on node 6 (build target(s)).
     1>InitializeBuildStatus:
         Creating "Debug\PackageBuilder.unsuccessfulbuild" because "AlwaysCreate" was specified.
       CustomBuild:
         Moc'ing packagebuilder.h...
     0>D:\_\Development\ProjectFiles\MVS 10.0 [2010]\_Debug.props(4,5): warning MSB4011: "D:\_\Development\ProjectFiles\MVS 10.0 [2010]\_Common.props" cannot be imported again. It was already imported at "D:\_\Development\ProjectFiles\MVS 10.0 [2010]\Engine.vcxproj (39,5)". This is most likely a build authoring error. This subsequent import will be ignored. 
     0>D:\_\Development\ProjectFiles\MVS 9.0 [2008]\_Debug.props(4,5): warning MSB4011: "D:\_\Development\ProjectFiles\MVS 9.0 [2008]\_Common.props" cannot be imported again. It was already imported at "D:\_\Development\Tools\ShaderGenUI\ShaderGenUI.vcxproj (35,5)". This is most likely a build authoring error. This subsequent import will be ignored. 
     0>D:\_\Development\ProjectFiles\MVS 9.0 [2008]\_Executable.props(4,5): warning MSB4011: "D:\_\Development\ProjectFiles\MVS 9.0 [2008]\_Common.props" cannot be imported again. It was already imported at "D:\_\Development\Tools\ShaderGenUI\ShaderGenUI.vcxproj (35,5)". This is most likely a build authoring error. This subsequent import will be ignored. 
       CustomBuild:
         Uic'ing packagebuilder.ui...
         Rcc'ing packagebuilder.qrc...
     0>D:\_\Development\ProjectFiles\MVS 10.0 [2010]\_Debug.props(4,5): warning MSB4011: "D:\_\Development\ProjectFiles\MVS 10.0 [2010]\_Common.props" cannot be imported again. It was already imported at "D:\_\Development\ProjectFiles\MVS 10.0 [2010]\Game.vcxproj (39,5)". This is most likely a build authoring error. This subsequent import will be ignored. 
     0>D:\_\Development\ProjectFiles\MVS 9.0 [2008]\_Debug.props(4,5): warning MSB4011: "D:\_\Development\ProjectFiles\MVS 9.0 [2008]\_Common.props" cannot be imported again. It was already imported at "D:\_\Development\Tools\GameEditor\GameEditor.vcxproj (37,5)". This is most likely a build authoring error. This subsequent import will be ignored. 
     0>D:\_\Development\ProjectFiles\MVS 9.0 [2008]\_Executable.props(4,5): warning MSB4011: "D:\_\Development\ProjectFiles\MVS 9.0 [2008]\_Common.props" cannot be imported again. It was already imported at "D:\_\Development\Tools\GameEditor\GameEditor.vcxproj (37,5)". This is most likely a build authoring error. This subsequent import will be ignored. 
     1>RCC : warning : No resources in 'D:\_\Development\Tools\PackageBuilder\packagebuilder.qrc'.
         
       ClCompile:
         D:\tools\Microsoft Visual Studio 10\VC\bin\CL.exe /c /I.\GeneratedFiles /ID:\sdk\Qt\4.7.4\include /I.\GeneratedFiles\Debug /ID:\sdk\Qt\4.7.4\include\qtmain /ID:\sdk\Qt\4.7.4\include\QtCore /ID:\sdk\Qt\4.7.4\include\QtGui /I.\ /Zi /nologo /W1 /WX- /Od /Oy- /D UNICODE /D WIN32 /D QT_LARGEFILE_SUPPORT /D QT_CORE_LIB /D QT_GUI_LIB /D _UNICODE /D UNICODE /Gm- /EHsc /MDd /GS /fp:precise /Zc:wchar_t /Zc:forScope /Yc"StdAfx.h" /Fp"Debug\PackageBuilder.pch" /Fo"Debug\\" /Fd"Debug\vc100.pdb" /Gd /TP /analyze- /errorReport:prompt stdafx.cpp
     1>C:\Program Files (x86)\MSBuild\Microsoft.Cpp\v4.0\Platforms\Win32\Microsoft.Cpp.Win32.Targets(57,5): error MSB6006: "CL.exe" exited with code -1073741805.
     1>Done Building Project "D:\_\Development\Tools\PackageBuilder\PackageBuilder.vcxproj" (build target(s)) -- FAILED.

Project Performance Summary:
        0 ms  D:\_\Development\ProjectFiles\MVS 10.0 [2010]\Core.vcxproj   2 calls
                  0 ms  GetTargetPath                              1 calls
                  0 ms  GetNativeManifest                          1 calls
       20 ms  D:\_\Development\ProjectFiles\MVS 10.0 [2010]\Base.vcxproj   2 calls
                 10 ms  GetTargetPath                              1 calls
                 10 ms  GetNativeManifest                          1 calls
      570 ms  D:\_\Development\Tools\PackageBuilder\PackageBuilder.vcxproj   1 calls
                570 ms  build                                      1 calls

Target Performance Summary:
        0 ms  ComputeCLInputPDBName                      1 calls
        0 ms  _PrepareForBuild                           1 calls
        0 ms  _SelectedFiles                             1 calls
        0 ms  _GenerateXMLData                           1 calls
        0 ms  AssignProjectConfiguration                 1 calls
        0 ms  ResolveReferences                          1 calls
        0 ms  _CheckForInvalidConfigurationAndPlatform   1 calls
        0 ms  AfterBuildGenerateSourcesEvent             1 calls
        0 ms  BuildGenerateSourcesTraverse               1 calls
        0 ms  PlatformPrepareForBuild                    1 calls
        0 ms  AfterResolveReferences                     1 calls
        0 ms  _Xsd                                       1 calls
        0 ms  MakeDirsForCl                              1 calls
        0 ms  _Midl                                      1 calls
        0 ms  GetFrameworkPaths                          1 calls
        0 ms  MakeDirsForMidl                            1 calls
        0 ms  _GenerateWebServiceProxy                   1 calls
        0 ms  BuildCompileTraverse                       1 calls
        0 ms  SetBuildDefaultEnvironmentVariables        1 calls
        0 ms  _RemoveNameMetadataFromProjectReferenceItems   1 calls
        0 ms  BeforeBuildGenerateSources                 1 calls
        0 ms  ComputeCustomBuildOutput                   1 calls
        0 ms  SelectClCompile                            1 calls
        0 ms  BeforeClCompile                            1 calls
        0 ms  BeforeResolveReferences                    1 calls
        0 ms  PreBuildEvent                              1 calls
        0 ms  _DetermineManagedStateFromCL               1 calls
        0 ms  AfterBuildGenerateSources                  1 calls
        0 ms  SelectCustomBuild                          1 calls
        0 ms  ComputeReferenceCLInput                    1 calls
        0 ms  BuildGenerateSources                       1 calls
        0 ms  GetReferenceAssemblyPaths                  1 calls
        0 ms  _SplitProjectReferencesByFileExistence     1 calls
        0 ms  AfterMidl                                  1 calls
        0 ms  PrepareForBuild                            1 calls
        0 ms  ComputeMIDLGeneratedCompileInputs          1 calls
       20 ms  InitializeBuildStatus                      1 calls
       30 ms  ResolveProjectReferences                   1 calls
      130 ms  ClCompile                                  1 calls
      380 ms  CustomBuild                                1 calls

Task Performance Summary:
        0 ms  Delete                                     2 calls
        0 ms  Message                                    2 calls
        0 ms  AssignProjectConfiguration                 1 calls
        0 ms  WriteLinesToFile                           2 calls
        0 ms  MakeDir                                    5 calls
        0 ms  ResolveNonMSBuildProjectOutput             1 calls
        0 ms  ReadLinesFromFile                          1 calls
        0 ms  SetEnv                                     4 calls
       20 ms  Touch                                      1 calls
       30 ms  MSBuild                                    2 calls
      130 ms  CL                                         1 calls
      380 ms  CustomBuild                                1 calls

Build FAILED.

Time Elapsed 00:00:00.56
